<?xml version="1.0" ?>
<testsuites failures="0" name="TestXML" tests="15" time="0">
	<testsuite name="" failures="0"  tests="1" time="0">
		<testcase name=" concat" time="0"></testcase>
	</testsuite>

	<testsuite name="" failures="0"  tests="1" time="0">
		<testcase name=" concat" time="0"></testcase>
	</testsuite>

	<testsuite name="" failures="0"  tests="1" time="0">
		<testcase name=" concat" time="0"></testcase>
	</testsuite>

	<testsuite name="" failures="0"  tests="1" time="0">
		<testcase name=" concat" time="0"></testcase>
	</testsuite>

	<testsuite name="" failures="0"  tests="1" time="0">
		<testcase name=" concat" time="0"></testcase>
	</testsuite>

	<testsuite name="" failures="0"  tests="1" time="0">
		<testcase name=" concat" time="0"></testcase>
	</testsuite>

	<testsuite name="" failures="0"  tests="1" time="0">
		<testcase name=" concat" time="0"></testcase>
	</testsuite>

	<testsuite name="" failures="0"  tests="1" time="0">
		<testcase name=" concat" time="0"></testcase>
	</testsuite>

	<testsuite name="" failures="0"  tests="1" time="0">
		<testcase name=" concat" time="0"></testcase>
	</testsuite>

	<testsuite name="" failures="0"  tests="1" time="0">
		<testcase name=" concat" time="0"></testcase>
	</testsuite>

	<testsuite name="" failures="0"  tests="1" time="0">
		<testcase name=" concat" time="0"></testcase>
	</testsuite>

	<testsuite name="" failures="0"  tests="1" time="0">
		<testcase name=" create effect" time="0"></testcase>
	</testsuite>

	<testsuite name="" failures="0"  tests="4" time="0">
		<testcase name=" send" time="0"></testcase>
		<testcase name=" call method" time="0"></testcase>
		<testcase name=" sort registered effects" time="0"></testcase>
		<testcase name=" register" time="0"></testcase>
	</testsuite>

	<testsuite name="" failures="0"  tests="5" time="0">
		<testcase name=" set name" time="0"></testcase>
		<testcase name=" is type" time="0"></testcase>
		<testcase name=" reg" time="0"></testcase>
		<testcase name=" register vars" time="0"></testcase>
		<testcase name=" v" time="0"></testcase>
	</testsuite>

	<testsuite name="" failures="0"  tests="1" time="0">
		<testcase name=" is sender type" time="0"></testcase>
	</testsuite>

</testsuites>