<?xml version="1.0" ?>
<testsuites failures="0" name="TestXML" tests="10" time="0">
	<testsuite name="Battle Action Damage Tests" failures="0"  tests="1" time="0">
		<testcase name=" execute" time="0"></testcase>
	</testsuite>

	<testsuite name="Battle Action Heal Tests" failures="0"  tests="1" time="0">
		<testcase name=" execute" time="0"></testcase>
	</testsuite>

	<testsuite name="Battle Action Set Active Tests" failures="0"  tests="1" time="0">
		<testcase name=" execute" time="0"></testcase>
	</testsuite>

	<testsuite name="Battle Action Set Fainted Tests" failures="0"  tests="1" time="0">
		<testcase name=" execute" time="0"></testcase>
	</testsuite>

	<testsuite name="Battle Action Set Position Tests" failures="0"  tests="1" time="0">
		<testcase name=" execute" time="0"></testcase>
	</testsuite>

	<testsuite name="Battlefield Tests" failures="0"  tests="3" time="0">
		<testcase name=" get type" time="0"></testcase>
		<testcase name=" get entity relation" time="0"></testcase>
		<testcase name=" add field" time="0"></testcase>
	</testsuite>

	<testsuite name="Battle Tests" failures="0"  tests="4" time="0">
		<testcase name=" start" time="0"></testcase>
		<testcase name=" check finished" time="0"></testcase>
		<testcase name=" abort" time="0"></testcase>
		<testcase name=" do action" time="0"></testcase>
	</testsuite>

	<testsuite name="Field Tests" failures="0"  tests="7" time="0">
		<testcase name=" get fighter at position" time="0"></testcase>
		<testcase name=" add team" time="0"></testcase>
		<testcase name=" update defeated" time="0"></testcase>
		<testcase name=" is position blocked" time="0"></testcase>
		<testcase name=" is position out of bounds" time="0"></testcase>
		<testcase name=" get type" time="0"></testcase>
		<testcase name=" get entity relation" time="0"></testcase>
	</testsuite>

	<testsuite name="Fighter Tests" failures="0"  tests="8" time="0">
		<testcase name=" set position" time="0"></testcase>
		<testcase name=" check position" time="0"></testcase>
		<testcase name=" set active" time="0"></testcase>
		<testcase name=" heal" time="0"></testcase>
		<testcase name=" set fainted" time="0"></testcase>
		<testcase name=" damage" time="0"></testcase>
		<testcase name=" get type" time="0"></testcase>
		<testcase name=" get entity relation" time="0"></testcase>
	</testsuite>

	<testsuite name="Team Tests" failures="0"  tests="4" time="0">
		<testcase name=" update defeated" time="0"></testcase>
		<testcase name=" add fighter" time="0"></testcase>
		<testcase name=" get type" time="0"></testcase>
		<testcase name=" get entity relation" time="0"></testcase>
	</testsuite>

</testsuites>